<?xml version="1.0" encoding="UTF-8"?>
<testng-results skipped="0" failed="0" ignored="0" total="1" passed="1">
  <reporter-output>
  </reporter-output>
  <suite name="Surefire suite" duration-ms="229" started-at="2018-11-06T14:48:08Z" finished-at="2018-11-06T14:48:08Z">
    <groups>
    </groups>
    <test name="Surefire test" duration-ms="229" started-at="2018-11-06T14:48:08Z" finished-at="2018-11-06T14:48:08Z">
      <class name="com.walmart.tests.SampleXmlIT">
        <test-method status="PASS" signature="beforeSuite(org.testng.ITestContext)[pri:0, instance:com.walmart.tests.SampleXmlIT@7c0c77c7]" name="beforeSuite" is-config="true" duration-ms="1704" started-at="2018-11-06T20:18:06Z" finished-at="2018-11-06T20:18:08Z">
          <params>
            <param index="0">
              <value>
                <![CDATA[org.testng.TestRunner@2d10e0b1]]>
              </value>
            </param>
          </params>
          <reporter-output>
          </reporter-output>
        </test-method> <!-- beforeSuite -->
        <test-method status="PASS" signature="springTestContextPrepareTestInstance()[pri:0, instance:com.walmart.tests.SampleXmlIT@7c0c77c7]" name="springTestContextPrepareTestInstance" is-config="true" duration-ms="0" started-at="2018-11-06T20:18:08Z" depends-on-methods="org.springframework.test.context.testng.AbstractTestNGSpringContextTests.springTestContextBeforeTestClass" finished-at="2018-11-06T20:18:08Z">
          <reporter-output>
          </reporter-output>
        </test-method> <!-- springTestContextPrepareTestInstance -->
        <test-method status="PASS" signature="springTestContextBeforeTestClass()[pri:0, instance:com.walmart.tests.SampleXmlIT@7c0c77c7]" name="springTestContextBeforeTestClass" is-config="true" duration-ms="0" started-at="2018-11-06T20:18:08Z" finished-at="2018-11-06T20:18:08Z">
          <reporter-output>
          </reporter-output>
        </test-method> <!-- springTestContextBeforeTestClass -->
        <test-method status="PASS" signature="springTestContextBeforeTestMethod(java.lang.reflect.Method)[pri:0, instance:com.walmart.tests.SampleXmlIT@7c0c77c7]" name="springTestContextBeforeTestMethod" is-config="true" duration-ms="1" started-at="2018-11-06T20:18:08Z" finished-at="2018-11-06T20:18:08Z">
          <params>
            <param index="0">
              <value>
                <![CDATA[public void com.walmart.tests.SampleXmlIT.sampleXml()]]>
              </value>
            </param>
          </params>
          <reporter-output>
          </reporter-output>
        </test-method> <!-- springTestContextBeforeTestMethod -->
        <test-method status="PASS" signature="sampleXml()[pri:0, instance:com.walmart.tests.SampleXmlIT@7c0c77c7]" name="sampleXml" duration-ms="222" started-at="2018-11-06T20:18:08Z" finished-at="2018-11-06T20:18:08Z">
          <reporter-output>
          </reporter-output>
        </test-method> <!-- sampleXml -->
        <test-method status="PASS" signature="springTestContextAfterTestMethod(java.lang.reflect.Method)[pri:0, instance:com.walmart.tests.SampleXmlIT@7c0c77c7]" name="springTestContextAfterTestMethod" is-config="true" duration-ms="0" started-at="2018-11-06T20:18:08Z" finished-at="2018-11-06T20:18:08Z">
          <params>
            <param index="0">
              <value>
                <![CDATA[public void com.walmart.tests.SampleXmlIT.sampleXml()]]>
              </value>
            </param>
          </params>
          <reporter-output>
          </reporter-output>
        </test-method> <!-- springTestContextAfterTestMethod -->
        <test-method status="PASS" signature="springTestContextAfterTestClass()[pri:0, instance:com.walmart.tests.SampleXmlIT@7c0c77c7]" name="springTestContextAfterTestClass" is-config="true" duration-ms="0" started-at="2018-11-06T20:18:08Z" finished-at="2018-11-06T20:18:08Z">
          <reporter-output>
          </reporter-output>
        </test-method> <!-- springTestContextAfterTestClass -->
        <test-method status="PASS" signature="afterSuite(org.testng.ITestContext)[pri:0, instance:com.walmart.tests.SampleXmlIT@7c0c77c7]" name="afterSuite" is-config="true" duration-ms="266" started-at="2018-11-06T20:18:08Z" finished-at="2018-11-06T20:18:09Z">
          <params>
            <param index="0">
              <value>
                <![CDATA[org.testng.TestRunner@2d10e0b1]]>
              </value>
            </param>
          </params>
          <reporter-output>
          </reporter-output>
        </test-method> <!-- afterSuite -->
      </class> <!-- com.walmart.tests.SampleXmlIT -->
    </test> <!-- Surefire test -->
  </suite> <!-- Surefire suite -->
</testng-results>
