<?xml version="1.0" encoding="UTF-8"?>
<testng-results skipped="0" failed="0" ignored="0" total="1" passed="1">
  <reporter-output>
  </reporter-output>
  <suite name="Default suite" duration-ms="441" started-at="2018-08-23T14:50:03Z" finished-at="2018-08-23T14:50:03Z">
    <groups>
    </groups>
    <test name="Default test" duration-ms="441" started-at="2018-08-23T14:50:03Z" finished-at="2018-08-23T14:50:03Z">
      <class name="com.walmart.tests.SampleXmlIT">
        <test-method status="PASS" signature="beforeSuite(org.testng.ITestContext)[pri:0, instance:com.walmart.tests.SampleXmlIT@4567f35d]" name="beforeSuite" is-config="true" duration-ms="1570" started-at="2018-08-23T20:20:01Z" finished-at="2018-08-23T20:20:03Z">
          <params>
            <param index="0">
              <value>
                <![CDATA[org.testng.TestRunner@4efcf8a]]>
              </value>
            </param>
          </params>
          <reporter-output>
          </reporter-output>
        </test-method> <!-- beforeSuite -->
        <test-method status="PASS" signature="springTestContextBeforeTestClass()[pri:0, instance:com.walmart.tests.SampleXmlIT@4567f35d]" name="springTestContextBeforeTestClass" is-config="true" duration-ms="2" started-at="2018-08-23T20:20:03Z" finished-at="2018-08-23T20:20:03Z">
          <reporter-output>
          </reporter-output>
        </test-method> <!-- springTestContextBeforeTestClass -->
        <test-method status="PASS" signature="springTestContextPrepareTestInstance()[pri:0, instance:com.walmart.tests.SampleXmlIT@4567f35d]" name="springTestContextPrepareTestInstance" is-config="true" duration-ms="0" started-at="2018-08-23T20:20:03Z" depends-on-methods="org.springframework.test.context.testng.AbstractTestNGSpringContextTests.springTestContextBeforeTestClass" finished-at="2018-08-23T20:20:03Z">
          <reporter-output>
          </reporter-output>
        </test-method> <!-- springTestContextPrepareTestInstance -->
        <test-method status="PASS" signature="springTestContextBeforeTestMethod(java.lang.reflect.Method)[pri:0, instance:com.walmart.tests.SampleXmlIT@4567f35d]" name="springTestContextBeforeTestMethod" is-config="true" duration-ms="2" started-at="2018-08-23T20:20:03Z" finished-at="2018-08-23T20:20:03Z">
          <params>
            <param index="0">
              <value>
                <![CDATA[public void com.walmart.tests.SampleXmlIT.sampleXml()]]>
              </value>
            </param>
          </params>
          <reporter-output>
          </reporter-output>
        </test-method> <!-- springTestContextBeforeTestMethod -->
        <test-method status="PASS" signature="sampleXml()[pri:0, instance:com.walmart.tests.SampleXmlIT@4567f35d]" name="sampleXml" duration-ms="401" started-at="2018-08-23T20:20:03Z" finished-at="2018-08-23T20:20:03Z">
          <reporter-output>
          </reporter-output>
        </test-method> <!-- sampleXml -->
        <test-method status="PASS" signature="springTestContextAfterTestMethod(java.lang.reflect.Method)[pri:0, instance:com.walmart.tests.SampleXmlIT@4567f35d]" name="springTestContextAfterTestMethod" is-config="true" duration-ms="0" started-at="2018-08-23T20:20:03Z" finished-at="2018-08-23T20:20:03Z">
          <params>
            <param index="0">
              <value>
                <![CDATA[public void com.walmart.tests.SampleXmlIT.sampleXml()]]>
              </value>
            </param>
          </params>
          <reporter-output>
          </reporter-output>
        </test-method> <!-- springTestContextAfterTestMethod -->
        <test-method status="PASS" signature="springTestContextAfterTestClass()[pri:0, instance:com.walmart.tests.SampleXmlIT@4567f35d]" name="springTestContextAfterTestClass" is-config="true" duration-ms="1" started-at="2018-08-23T20:20:03Z" finished-at="2018-08-23T20:20:03Z">
          <reporter-output>
          </reporter-output>
        </test-method> <!-- springTestContextAfterTestClass -->
        <test-method status="PASS" signature="afterSuite(org.testng.ITestContext)[pri:0, instance:com.walmart.tests.SampleXmlIT@4567f35d]" name="afterSuite" is-config="true" duration-ms="128" started-at="2018-08-23T20:20:03Z" finished-at="2018-08-23T20:20:03Z">
          <params>
            <param index="0">
              <value>
                <![CDATA[org.testng.TestRunner@4efcf8a]]>
              </value>
            </param>
          </params>
          <reporter-output>
          </reporter-output>
        </test-method> <!-- afterSuite -->
      </class> <!-- com.walmart.tests.SampleXmlIT -->
    </test> <!-- Default test -->
  </suite> <!-- Default suite -->
</testng-results>
